This is pdfTeX, Version 3.141592653-2.6-1.40.26 (TeX Live 2024) (preloaded format=pdflatex 2024.3.14)  25 AUG 2024 13:44
entering extended mode
 restricted \write18 enabled.
 file:line:error style messages enabled.
 %&-line parsing enabled.
**/Users/anguskesbury/Library/CloudStorage/OneDrive-OmahaPublicSchools/Extended_Essay/EE_Draft_1/Sections/SectionIV.tex
(/Users/anguskesbury/Library/CloudStorage/OneDrive-OmahaPublicSchools/Extended_Essay/EE_Draft_1/Sections/SectionIV.tex
LaTeX2e <2023-11-01> patch level 1
L3 programming layer <2024-02-20>
(/usr/local/texlive/2024/texmf-dist/tex/latex/subfiles/subfiles.cls
Document Class: subfiles 2020/11/14 v2.2 Multi-file projects (class)
Preamble taken from file `.../main.tex'
(/usr/local/texlive/2024/texmf-dist/tex/latex/import/import.sty
Package: import 2020/04/01  v 6.2
)

! LaTeX Error: File `.../main.tex' not found.

Type X to quit or <RETURN> to proceed,
or enter new name. (Default extension: tex)

Enter file name: 
/usr/local/texlive/2024/texmf-dist/tex/latex/subfiles/subfiles.cls:44: Emergency stop.
<read *> 
         
l.44 \input{\preamble@file}
                           ^^M
*** (cannot \read from terminal in nonstop modes)

 
Here is how much of TeX's memory you used:
 78 strings out of 474116
 2034 string characters out of 5743682
 1925187 words of memory out of 5000000
 22527 multiletter control sequences out of 15000+600000
 558069 words of font info for 36 fonts, out of 8000000 for 9000
 1141 hyphenation exceptions out of 8191
 42i,0n,55p,289b,18s stack positions out of 10000i,1000n,20000p,200000b,200000s
/usr/local/texlive/2024/texmf-dist/tex/latex/subfiles/subfiles.cls:44:  ==> Fatal error occurred, no output PDF file produced!
